2025-01-08 12:05:32:532 [32minfo[39m: [32mhello[39m
2025-01-08 12:06:24:624 [32minfo[39m: [32mSpimpalkar usernameValue[39m
2025-01-08 12:06:24:624 [32minfo[39m: [32mWelcome123 passwordValue[39m
2025-01-08 12:06:25:625 [32minfo[39m: [32mhello[39m
2025-01-08 12:33:08:338 [32minfo[39m: [32mLogin CU Solution[39m
2025-01-08 12:33:08:338 [32minfo[39m: [32mValidating the login credential[39m
2025-01-08 12:33:08:338 [32minfo[39m: [32mWe have entered the valid credentials[39m
2025-01-08 12:33:09:339 [32minfo[39m: [32mhello[39m
2025-01-08 12:54:24:5424 [32minfo[39m: [32mLogin CU Solution[39m
2025-01-08 12:54:24:5424 [32minfo[39m: [32mValidating the login credential[39m
2025-01-08 12:54:24:5424 [32minfo[39m: [32mWe have entered the valid credentials[39m
2025-01-08 12:54:25:5425 [32minfo[39m: [32mhello[39m
2025-01-08 12:54:34:5434 [32minfo[39m: [32mpage is visisble[39m
2025-01-08 13:16:11:1611 [32minfo[39m: [32mLogin CU Solution[39m
2025-01-08 13:16:11:1611 [32minfo[39m: [32mValidating the login credential[39m
2025-01-08 13:16:11:1611 [32minfo[39m: [32mWe have entered the valid credentials[39m
2025-01-08 13:16:12:1612 [32minfo[39m: [32mhello[39m
2025-01-08 13:16:18:1618 [32minfo[39m: [32mpage is visisble[39m
2025-01-08 17:55:25:5525 [32minfo[39m: [32mLogin CU Solution[39m
2025-01-08 17:55:25:5525 [32minfo[39m: [32mValidating the login credential[39m
2025-01-08 17:55:25:5525 [32minfo[39m: [32mWe have entered the valid credentials[39m
2025-01-08 17:56:14:5614 [32minfo[39m: [32mLogin CU Solution[39m
2025-01-08 17:56:14:5614 [32minfo[39m: [32mValidating the login credential[39m
2025-01-08 17:56:14:5614 [32minfo[39m: [32mWe have entered the valid credentials[39m
2025-01-08 18:01:08:18 [32minfo[39m: [32mLogin CU Solution[39m
2025-01-08 18:01:08:18 [32minfo[39m: [32mValidating the login credential[39m
2025-01-08 18:01:08:18 [32minfo[39m: [32mWe have entered the valid credentials[39m
2025-01-08 18:01:49:149 [32minfo[39m: [32mLogin CU Solution[39m
2025-01-08 18:01:49:149 [32minfo[39m: [32mValidating the login credential[39m
2025-01-08 18:01:49:149 [32minfo[39m: [32mWe have entered the valid credentials[39m
2025-01-08 18:01:49:149 [32minfo[39m: [32mValidating the error message[39m
2025-01-08 18:01:49:149 [31merror[39m: [31mPlease submit a valid username and password. Did not displayed[39m
2025-01-08 18:01:49:149 [32minfo[39m: [32mhello[39m
2025-01-08 18:09:04:94 [32minfo[39m: [32mLogin CU Solution[39m
2025-01-08 18:09:04:94 [32minfo[39m: [32mValidating the login credential[39m
2025-01-08 18:09:04:94 [32minfo[39m: [32mWe have entered the valid credentials[39m
2025-01-08 18:09:42:942 [32minfo[39m: [32mLogin CU Solution[39m
2025-01-08 18:09:42:942 [32minfo[39m: [32mValidating the login credential[39m
2025-01-08 18:09:42:942 [32minfo[39m: [32mWe have entered the valid credentials[39m
2025-01-08 18:09:42:942 [32minfo[39m: [32mValidating the error message[39m
2025-01-08 18:09:43:943 [32minfo[39m: [32mError message is visible[39m
2025-01-08 18:09:43:943 [32minfo[39m: [32mError message is Please submit a valid username and password.[39m
2025-01-08 18:09:43:943 [32minfo[39m: [32mhello[39m
2025-01-08 18:23:26:2326 [32minfo[39m: [32mLogin CU Solution[39m
2025-01-08 18:23:26:2326 [32minfo[39m: [32mValidating the login credential[39m
2025-01-08 18:23:27:2327 [32minfo[39m: [32mFilled the correct credential what we passed as parameter[39m
2025-01-08 18:24:11:2411 [32minfo[39m: [32mLogin CU Solution[39m
2025-01-08 18:24:12:2412 [32minfo[39m: [32mValidating the login credential[39m
2025-01-08 18:24:12:2412 [32minfo[39m: [32mFilled the correct credential what we passed as parameter[39m
2025-01-08 18:24:12:2412 [32minfo[39m: [32mValidating the error message[39m
2025-01-08 18:24:13:2413 [32minfo[39m: [32mError message is visible[39m
2025-01-08 18:24:13:2413 [32minfo[39m: [32mError message is Please submit a valid username and password.[39m
2025-01-08 18:24:13:2413 [32minfo[39m: [32mhello[39m
2025-01-08 18:54:32:5432 [32minfo[39m: [32mLogin CU Solution[39m
2025-01-08 18:54:32:5432 [32minfo[39m: [32mValidating the login credential[39m
2025-01-08 18:54:32:5432 [32minfo[39m: [32mFilled the correct credential what we passed as parameter[39m
2025-01-08 18:54:59:5459 [32minfo[39m: [32mValidating the invalid username and email for forgot password[39m
2025-01-08 18:55:00:550 [31merror[39m: [31mFail! text appeared after filling invalid username or email[39m
2025-01-08 18:55:03:553 [32minfo[39m: [32mLogin CU Solution[39m
2025-01-08 18:55:03:553 [32minfo[39m: [32mValidating the login credential[39m
2025-01-08 18:55:03:553 [32minfo[39m: [32mFilled the correct credential what we passed as parameter[39m
2025-01-08 18:55:03:553 [32minfo[39m: [32mValidating the error message[39m
2025-01-08 18:55:04:554 [32minfo[39m: [32mError message is visible as we filled the invalid credential[39m
2025-01-08 18:55:04:554 [32minfo[39m: [32mError message is Please submit a valid username and password.[39m
2025-01-08 18:58:21:5821 [32minfo[39m: [32mLogin CU Solution[39m
2025-01-08 18:58:21:5821 [32minfo[39m: [32mValidating the login credential[39m
2025-01-08 18:58:21:5821 [32minfo[39m: [32mFilled the correct credential what we passed as parameter[39m
2025-01-08 18:58:46:5846 [32minfo[39m: [32mValidating the invalid username and email for forgot password[39m
2025-01-08 18:58:47:5847 [32minfo[39m: [32mFail! text appeared after filling invalid username or email for forgot pass[39m
2025-01-08 18:58:47:5847 [32minfo[39m: [32mClosing the pop up[39m
2025-01-08 18:59:10:5910 [32minfo[39m: [32mLogin CU Solution[39m
2025-01-08 18:59:10:5910 [32minfo[39m: [32mValidating the login credential[39m
2025-01-08 18:59:10:5910 [32minfo[39m: [32mFilled the correct credential what we passed as parameter[39m
2025-01-08 18:59:11:5911 [32minfo[39m: [32mValidating the error message[39m
2025-01-08 18:59:11:5911 [32minfo[39m: [32mError message is visible as we filled the invalid credential[39m
2025-01-08 18:59:11:5911 [32minfo[39m: [32mError message is Please submit a valid username and password.[39m
2025-01-09 11:58:21:5821 [32minfo[39m: [32mLogin CU Solution[39m
2025-01-09 11:58:21:5821 [32minfo[39m: [32mValidating the login credential[39m
2025-01-09 11:58:21:5821 [32minfo[39m: [32mFilled the correct credential what we passed as parameter[39m
2025-01-09 11:58:45:5845 [32minfo[39m: [32mValidating the invalid username and email for forgot password[39m
2025-01-09 11:58:46:5846 [32minfo[39m: [32mFail! text appeared after filling invalid username or email for forgot pass[39m
2025-01-09 11:58:46:5846 [32minfo[39m: [32mClosing the pop up[39m
2025-01-09 11:59:05:595 [32minfo[39m: [32mValidate username error message[39m
2025-01-09 11:59:05:595 [32minfo[39m: [32mValidating the error message[39m
2025-01-09 11:59:05:595 [32minfo[39m: [32mError message is visible as we filled the invalid credential[39m
2025-01-09 11:59:05:595 [32minfo[39m: [32mError message is Please submit a valid username and password.[39m
2025-01-09 11:59:05:595 [32minfo[39m: [32mClicking on password input area[39m
2025-01-09 11:59:05:595 [32minfo[39m: [32mClicking on continue to get password error message[39m
2025-01-09 11:59:05:595 [32minfo[39m: [32mPassword error is visible after clicking on continue button as we did not fill the password[39m
2025-01-09 11:59:06:596 [31merror[39m: [31m Password is required.  has not displayed[39m
2025-01-09 11:59:06:596 [32minfo[39m: [32mValidate username error message[39m
2025-01-09 11:59:06:596 [32minfo[39m: [32mValidating the error message[39m
2025-01-09 11:59:06:596 [32minfo[39m: [32mError message is visible as we filled the invalid credential[39m
2025-01-09 11:59:06:596 [32minfo[39m: [32mError message is Please submit a valid username and password.[39m
2025-01-09 11:59:06:596 [32minfo[39m: [32mUsername error is visible after clicking on continue button as we did not fill the username[39m
2025-01-09 11:59:06:596 [31merror[39m: [31m Username is required.  has not displayed[39m
2025-01-09 11:59:06:596 [32minfo[39m: [32mValidate username error message[39m
2025-01-09 11:59:06:596 [32minfo[39m: [32mValidating the error message[39m
2025-01-09 11:59:06:596 [32minfo[39m: [32mError message is visible as we filled the invalid credential[39m
2025-01-09 11:59:06:596 [32minfo[39m: [32mError message is Please submit a valid username and password.[39m
2025-01-09 11:59:06:596 [32minfo[39m: [32muserErrorVisible=true passErrorVisible=true Username and password error message is visible[39m
2025-01-09 11:59:20:5920 [32minfo[39m: [32mLogin CU Solution[39m
2025-01-09 11:59:20:5920 [32minfo[39m: [32mValidating the login credential[39m
2025-01-09 11:59:20:5920 [32minfo[39m: [32mFilled the correct credential what we passed as parameter[39m
2025-01-09 11:59:20:5920 [32minfo[39m: [32mValidating the error message[39m
2025-01-09 11:59:21:5921 [32minfo[39m: [32mError message is visible as we filled the invalid credential[39m
2025-01-09 11:59:21:5921 [32minfo[39m: [32mError message is Please submit a valid username and password.[39m
2025-01-09 12:08:01:81 [32minfo[39m: [32mLogin CU Solution[39m
2025-01-09 12:08:01:81 [32minfo[39m: [32mValidating the login credential[39m
2025-01-09 12:08:01:81 [32minfo[39m: [32mFilled the correct credential what we passed as parameter[39m
2025-01-09 12:08:16:816 [32minfo[39m: [32mValidating the invalid username and email for forgot password[39m
2025-01-09 12:08:16:816 [32minfo[39m: [32mValidate username error message[39m
2025-01-09 12:08:17:817 [32minfo[39m: [32mFail! text appeared after filling invalid username or email for forgot pass[39m
2025-01-09 12:08:17:817 [32minfo[39m: [32mClosing the pop up[39m
2025-01-09 12:08:17:817 [32minfo[39m: [32mValidating the error message[39m
2025-01-09 12:08:17:817 [32minfo[39m: [32mLogin error message is visible[39m
2025-01-09 12:08:17:817 [32minfo[39m: [32mLogin error message is Please submit a valid username and password.[39m
2025-01-09 12:08:17:817 [32minfo[39m: [32mClicking on password input area[39m
2025-01-09 12:08:18:818 [32minfo[39m: [32mClicking on continue to get password error message[39m
2025-01-09 12:08:18:818 [32minfo[39m: [32mPassword error message istrue[39m
2025-01-09 12:08:18:818 [32minfo[39m: [32mPassword error is visible after clicking on continue button as we did not fill the password[39m
2025-01-09 12:08:18:818 [31merror[39m: [31m Password is required.  has not displayed[39m
2025-01-09 12:08:18:818 [32minfo[39m: [32mValidate username error message[39m
2025-01-09 12:08:18:818 [32minfo[39m: [32mValidating the error message[39m
2025-01-09 12:08:18:818 [32minfo[39m: [32mLogin error message is visible[39m
2025-01-09 12:08:18:818 [32minfo[39m: [32mLogin error message is Please submit a valid username and password.[39m
2025-01-09 12:08:18:818 [32minfo[39m: [32mUsername error is visible after clicking on continue button as we did not fill the username[39m
2025-01-09 12:08:18:818 [32minfo[39m: [32mUsername error message isUsername is required.[39m
2025-01-09 12:08:18:818 [31merror[39m: [31m Username is required.  has not displayed[39m
2025-01-09 12:08:18:818 [32minfo[39m: [32mValidate username and password error message[39m
2025-01-09 12:08:18:818 [32minfo[39m: [32mValidating the error message[39m
2025-01-09 12:08:18:818 [32minfo[39m: [32mLogin error message is visible[39m
2025-01-09 12:08:18:818 [32minfo[39m: [32mLogin error message is Please submit a valid username and password.[39m
2025-01-09 12:08:18:818 [32minfo[39m: [32muserErrorVisible=true passErrorVisible=true Username and password error message is visible[39m
2025-01-09 12:08:56:856 [32minfo[39m: [32mLogin CU Solution[39m
2025-01-09 12:08:56:856 [32minfo[39m: [32mValidating the login credential[39m
2025-01-09 12:08:56:856 [32minfo[39m: [32mFilled the correct credential what we passed as parameter[39m
2025-01-09 12:08:57:857 [32minfo[39m: [32mValidating the error message[39m
2025-01-09 12:08:57:857 [32minfo[39m: [32mLogin error message is visible[39m
2025-01-09 12:08:57:857 [32minfo[39m: [32mLogin error message is Please submit a valid username and password.[39m
2025-01-09 12:09:20:920 [32minfo[39m: [32mLogin CU Solution[39m
2025-01-09 12:09:20:920 [32minfo[39m: [32mValidating the login credential[39m
2025-01-09 12:09:20:920 [32minfo[39m: [32mFilled the correct credential what we passed as parameter[39m
2025-01-09 12:09:34:934 [32minfo[39m: [32mLogin CU Solution[39m
2025-01-09 12:09:35:935 [32minfo[39m: [32mValidating the login credential[39m
2025-01-09 12:09:35:935 [32minfo[39m: [32mFilled the correct credential what we passed as parameter[39m
2025-01-09 12:09:35:935 [32minfo[39m: [32mValidating the error message[39m
2025-01-09 12:09:35:935 [32minfo[39m: [32mLogin error message is visible[39m
2025-01-09 12:09:35:935 [32minfo[39m: [32mLogin error message is Please submit a valid username and password.[39m
2025-01-09 12:10:34:1034 [32minfo[39m: [32mValidate username error message[39m
2025-01-09 12:10:34:1034 [32minfo[39m: [32mValidating the error message[39m
2025-01-09 12:10:35:1035 [32minfo[39m: [32mLogin error message is visible[39m
2025-01-09 12:10:35:1035 [32minfo[39m: [32mLogin error message is Please submit a valid username and password.[39m
2025-01-09 12:10:35:1035 [32minfo[39m: [32mClicking on password input area[39m
2025-01-09 12:10:35:1035 [32minfo[39m: [32mClicking on continue to get password error message[39m
2025-01-09 12:10:35:1035 [32minfo[39m: [32mPassword error message istrue[39m
2025-01-09 12:10:35:1035 [32minfo[39m: [32mPassword error is visible after clicking on continue button as we did not fill the password[39m
2025-01-09 12:10:35:1035 [32minfo[39m: [32mPassword is required. has displayed[39m
2025-01-09 12:10:35:1035 [32minfo[39m: [32mValidate username error message[39m
2025-01-09 12:10:35:1035 [32minfo[39m: [32mValidating the error message[39m
2025-01-09 12:10:35:1035 [32minfo[39m: [32mLogin error message is visible[39m
2025-01-09 12:10:35:1035 [32minfo[39m: [32mLogin error message is Please submit a valid username and password.[39m
2025-01-09 12:10:35:1035 [32minfo[39m: [32mUsername error is visible after clicking on continue button as we did not fill the username[39m
2025-01-09 12:10:35:1035 [32minfo[39m: [32mUsername error message isUsername is required.[39m
2025-01-09 12:10:35:1035 [32minfo[39m: [32mUsername is required. has displayed[39m
2025-01-09 12:10:35:1035 [32minfo[39m: [32mValidate username and password error message[39m
2025-01-09 12:10:36:1036 [32minfo[39m: [32mValidating the error message[39m
2025-01-09 12:10:36:1036 [32minfo[39m: [32mLogin error message is visible[39m
2025-01-09 12:10:36:1036 [32minfo[39m: [32mLogin error message is Please submit a valid username and password.[39m
2025-01-09 12:10:36:1036 [32minfo[39m: [32muserErrorVisible=true passErrorVisible=true Username and password error message is visible[39m
2025-01-09 12:10:47:1047 [32minfo[39m: [32mValidating the invalid username and email for forgot password[39m
2025-01-09 12:10:47:1047 [32minfo[39m: [32mFail! text appeared after filling invalid username or email for forgot pass[39m
2025-01-09 12:10:47:1047 [32minfo[39m: [32mClosing the pop up[39m
2025-01-09 12:19:32:1932 [32minfo[39m: [32mLogin CU Solution[39m
2025-01-09 12:19:33:1933 [32minfo[39m: [32mValidating the login credential[39m
2025-01-09 12:19:33:1933 [32minfo[39m: [32mFilled the correct credential what we passed as parameter[39m
2025-01-09 12:20:24:2024 [32minfo[39m: [32mPage load time while checking invalid credential validation: 46748 ms[39m
2025-01-09 12:20:24:2024 [32minfo[39m: [32mLogin CU Solution[39m
2025-01-09 12:20:24:2024 [32minfo[39m: [32mValidating the login credential[39m
2025-01-09 12:20:24:2024 [32minfo[39m: [32mFilled the correct credential what we passed as parameter[39m
2025-01-09 12:20:25:2025 [32minfo[39m: [32mValidating the error message[39m
2025-01-09 12:20:25:2025 [32minfo[39m: [32mLogin error message is visible[39m
2025-01-09 12:20:25:2025 [32minfo[39m: [32mLogin error message is Please submit a valid username and password.[39m
2025-01-09 12:20:26:2026 [32minfo[39m: [32mPage load time while checking forgot password validation: 49103 ms[39m
2025-01-09 12:20:26:2026 [32minfo[39m: [32mValidating the invalid username and email for forgot password[39m
2025-01-09 12:20:27:2027 [32minfo[39m: [32mFail! text appeared after filling invalid username or email for forgot pass[39m
2025-01-09 12:20:27:2027 [32minfo[39m: [32mPage load time while checking empty user and pass validation: 50573 ms[39m
2025-01-09 12:20:27:2027 [32minfo[39m: [32mValidate username error message[39m
2025-01-09 12:20:27:2027 [32minfo[39m: [32mClosing the pop up[39m
2025-01-09 12:20:27:2027 [32minfo[39m: [32mValidating the error message[39m
2025-01-09 12:20:28:2028 [32minfo[39m: [32mLogin error message is visible[39m
2025-01-09 12:20:28:2028 [32minfo[39m: [32mLogin error message is Please submit a valid username and password.[39m
2025-01-09 12:20:28:2028 [32minfo[39m: [32mClicking on password input area[39m
2025-01-09 12:20:28:2028 [32minfo[39m: [32mClicking on continue to get password error message[39m
2025-01-09 12:20:28:2028 [32minfo[39m: [32mPassword error message istrue[39m
2025-01-09 12:20:28:2028 [32minfo[39m: [32mPassword error is visible after clicking on continue button as we did not fill the password[39m
2025-01-09 12:20:28:2028 [32minfo[39m: [32mPassword is required. has displayed[39m
2025-01-09 12:20:28:2028 [32minfo[39m: [32mValidate username error message[39m
2025-01-09 12:20:28:2028 [32minfo[39m: [32mValidating the error message[39m
2025-01-09 12:20:28:2028 [32minfo[39m: [32mLogin error message is visible[39m
2025-01-09 12:20:28:2028 [32minfo[39m: [32mLogin error message is Please submit a valid username and password.[39m
2025-01-09 12:20:28:2028 [32minfo[39m: [32mUsername error is visible after clicking on continue button as we did not fill the username[39m
2025-01-09 12:20:28:2028 [32minfo[39m: [32mUsername error message isUsername is required.[39m
2025-01-09 12:20:28:2028 [32minfo[39m: [32mUsername is required. has displayed[39m
2025-01-09 12:20:29:2029 [32minfo[39m: [32mValidate username and password error message[39m
2025-01-09 12:20:29:2029 [32minfo[39m: [32mValidating the error message[39m
2025-01-09 12:20:29:2029 [32minfo[39m: [32mLogin error message is visible[39m
2025-01-09 12:20:29:2029 [32minfo[39m: [32mLogin error message is Please submit a valid username and password.[39m
2025-01-09 12:20:29:2029 [32minfo[39m: [32muserErrorVisible=true passErrorVisible=true Username and password error message is visible[39m
2025-01-09 12:31:57:3157 [32minfo[39m: [32mLogin CU Solution[39m
2025-01-09 12:31:58:3158 [32minfo[39m: [32mValidating the login credential[39m
2025-01-09 12:31:58:3158 [32minfo[39m: [32mFilled the correct credential what we passed as parameter[39m
2025-01-09 12:32:06:326 [32minfo[39m: [32mPage load time while checking invalid credential validation: 4215 ms[39m
2025-01-09 12:32:06:326 [32minfo[39m: [32mLogin CU Solution[39m
2025-01-09 12:32:06:326 [32minfo[39m: [32mValidating the login credential[39m
2025-01-09 12:32:06:326 [32minfo[39m: [32mFilled the correct credential what we passed as parameter[39m
2025-01-09 12:32:07:327 [32minfo[39m: [32mValidating the error message[39m
2025-01-09 12:32:07:327 [32minfo[39m: [32mPage load time while checking empty user and pass validation: 4587 ms[39m
2025-01-09 12:32:07:327 [32minfo[39m: [32mValidate username error message[39m
2025-01-09 12:32:08:328 [32minfo[39m: [32mValidating the error message[39m
2025-01-09 12:32:09:329 [32minfo[39m: [32mPage load time while checking forgot password validation: 6955 ms[39m
2025-01-09 12:32:09:329 [32minfo[39m: [32mValidating the invalid username and email for forgot password[39m
2025-01-09 12:33:23:3323 [32minfo[39m: [32mPage load time while login the application: 10179 ms[39m
2025-01-09 12:33:23:3323 [32minfo[39m: [32mLogin CU Solution[39m
2025-01-09 12:33:23:3323 [32minfo[39m: [32mValidating the login credential[39m
2025-01-09 12:33:23:3323 [32minfo[39m: [32mFilled the correct credential what we passed as parameter[39m
2025-01-09 12:33:30:3330 [32minfo[39m: [32mPage load time while checking forgot password validation: 2922 ms[39m
2025-01-09 12:33:30:3330 [32minfo[39m: [32mValidating the invalid username and email for forgot password[39m
2025-01-09 12:33:30:3330 [32minfo[39m: [32mPage load time while checking invalid credential validation: 2647 ms[39m
2025-01-09 12:33:30:3330 [32minfo[39m: [32mLogin CU Solution[39m
2025-01-09 12:33:30:3330 [32minfo[39m: [32mValidating the login credential[39m
2025-01-09 12:33:30:3330 [32minfo[39m: [32mFilled the correct credential what we passed as parameter[39m
2025-01-09 12:33:31:3331 [32minfo[39m: [32mValidating the error message[39m
2025-01-09 12:33:34:3334 [32minfo[39m: [32mPage load time while checking empty user and pass validation: 7120 ms[39m
2025-01-09 12:33:34:3334 [32minfo[39m: [32mValidate username error message[39m
2025-01-09 12:33:34:3334 [32minfo[39m: [32mValidating the error message[39m
2025-01-09 12:35:05:355 [32minfo[39m: [32mPage load time while login the application: 64006 ms[39m
2025-01-09 12:35:05:355 [32minfo[39m: [32mLogin CU Solution[39m
2025-01-09 12:35:05:355 [32minfo[39m: [32mValidating the login credential[39m
2025-01-09 12:35:05:355 [32minfo[39m: [32mFilled the correct credential what we passed as parameter[39m
2025-01-09 12:35:11:3511 [32minfo[39m: [32mPage load time while checking forgot password validation: 2930 ms[39m
2025-01-09 12:35:11:3511 [32minfo[39m: [32mValidating the invalid username and email for forgot password[39m
2025-01-09 12:35:12:3512 [32minfo[39m: [32mPage load time while checking empty user and pass validation: 3895 ms[39m
2025-01-09 12:35:12:3512 [32minfo[39m: [32mValidate username error message[39m
2025-01-09 12:35:12:3512 [32minfo[39m: [32mValidating the error message[39m
2025-01-09 12:35:14:3514 [32minfo[39m: [32mPage load time while checking invalid credential validation: 5013 ms[39m
2025-01-09 12:35:14:3514 [32minfo[39m: [32mLogin CU Solution[39m
2025-01-09 12:35:15:3515 [32minfo[39m: [32mValidating the login credential[39m
2025-01-09 12:35:15:3515 [32minfo[39m: [32mFilled the correct credential what we passed as parameter[39m
2025-01-09 12:35:15:3515 [32minfo[39m: [32mValidating the error message[39m
2025-01-09 12:38:39:3839 [32minfo[39m: [32mLogin CU Solution[39m
2025-01-09 12:38:39:3839 [32minfo[39m: [32mValidating the login credential[39m
2025-01-09 12:38:39:3839 [32minfo[39m: [32mFilled the correct credential what we passed as parameter[39m
2025-01-09 12:39:01:391 [32minfo[39m: [32mPage load time while checking empty user and pass validation: 17494 ms[39m
2025-01-09 12:39:01:391 [32minfo[39m: [32mValidate username error message[39m
2025-01-09 12:39:02:392 [32minfo[39m: [32mValidating the error message[39m
2025-01-09 12:39:02:392 [32minfo[39m: [32mLogin error message is visible[39m
2025-01-09 12:39:02:392 [32minfo[39m: [32mLogin error message is Please submit a valid username and password.[39m
2025-01-09 12:39:02:392 [32minfo[39m: [32mClicking on password input area[39m
2025-01-09 12:39:02:392 [32minfo[39m: [32mClicking on continue to get password error message[39m
2025-01-09 12:39:02:392 [32minfo[39m: [32mPassword error message istrue[39m
2025-01-09 12:39:02:392 [32minfo[39m: [32mPassword error is visible after clicking on continue button as we did not fill the password[39m
2025-01-09 12:39:02:392 [32minfo[39m: [32mPassword is required. has displayed[39m
2025-01-09 12:39:02:392 [32minfo[39m: [32mValidate username error message[39m
2025-01-09 12:39:03:393 [32minfo[39m: [32mValidating the error message[39m
2025-01-09 12:39:03:393 [32minfo[39m: [32mLogin error message is visible[39m
2025-01-09 12:39:03:393 [32minfo[39m: [32mLogin error message is Please submit a valid username and password.[39m
2025-01-09 12:39:03:393 [32minfo[39m: [32mUsername error is visible after clicking on continue button as we did not fill the username[39m
2025-01-09 12:39:03:393 [32minfo[39m: [32mUsername error message isUsername is required.[39m
2025-01-09 12:39:03:393 [32minfo[39m: [32mUsername is required. has displayed[39m
2025-01-09 12:39:03:393 [32minfo[39m: [32mValidate username and password error message[39m
2025-01-09 12:39:03:393 [32minfo[39m: [32mPage load time while checking forgot password validation: 20070 ms[39m
2025-01-09 12:39:03:393 [32minfo[39m: [32mValidating the invalid username and email for forgot password[39m
2025-01-09 12:39:03:393 [32minfo[39m: [32mValidating the error message[39m
2025-01-09 12:39:03:393 [32minfo[39m: [32mLogin error message is visible[39m
2025-01-09 12:39:03:393 [32minfo[39m: [32mLogin error message is Please submit a valid username and password.[39m
2025-01-09 12:39:03:393 [32minfo[39m: [32muserErrorVisible=true passErrorVisible=true Username and password error message is visible[39m
2025-01-09 12:39:04:394 [32minfo[39m: [32mFail! text appeared after filling invalid username or email for forgot pass[39m
2025-01-09 12:39:04:394 [32minfo[39m: [32mClosing the pop up[39m
2025-01-09 12:39:29:3929 [32minfo[39m: [32mPage load time while checking invalid credential validation: 46114 ms[39m
2025-01-09 12:39:29:3929 [32minfo[39m: [32mLogin CU Solution[39m
2025-01-09 12:39:29:3929 [32minfo[39m: [32mValidating the login credential[39m
2025-01-09 12:39:30:3930 [32minfo[39m: [32mFilled the correct credential what we passed as parameter[39m
2025-01-09 12:39:30:3930 [32minfo[39m: [32mValidating the error message[39m
2025-01-09 12:39:30:3930 [32minfo[39m: [32mLogin error message is visible[39m
2025-01-09 12:39:30:3930 [32minfo[39m: [32mLogin error message is Please submit a valid username and password.[39m
2025-01-09 12:42:14:4214 [32minfo[39m: [32mLogin CU Solution[39m
2025-01-09 12:42:14:4214 [32minfo[39m: [32mValidating the login credential[39m
2025-01-09 12:42:14:4214 [32minfo[39m: [32mFilled the correct credential what we passed as parameter[39m
2025-01-09 12:42:27:4227 [32minfo[39m: [32mPage load time while checking empty user and pass validation: 9.188 sec[39m
2025-01-09 12:42:27:4227 [32minfo[39m: [32mValidate username error message[39m
2025-01-09 12:42:27:4227 [32minfo[39m: [32mValidating the error message[39m
2025-01-09 12:42:27:4227 [32minfo[39m: [32mLogin error message is visible[39m
2025-01-09 12:42:27:4227 [32minfo[39m: [32mLogin error message is Please submit a valid username and password.[39m
2025-01-09 12:42:27:4227 [32minfo[39m: [32mClicking on password input area[39m
2025-01-09 12:42:28:4228 [32minfo[39m: [32mClicking on continue to get password error message[39m
2025-01-09 12:42:28:4228 [32minfo[39m: [32mPassword error message istrue[39m
2025-01-09 12:42:28:4228 [32minfo[39m: [32mPassword error is visible after clicking on continue button as we did not fill the password[39m
2025-01-09 12:42:28:4228 [32minfo[39m: [32mPassword is required. has displayed[39m
2025-01-09 12:42:28:4228 [32minfo[39m: [32mValidate username error message[39m
2025-01-09 12:42:28:4228 [32minfo[39m: [32mValidating the error message[39m
2025-01-09 12:42:28:4228 [32minfo[39m: [32mLogin error message is visible[39m
2025-01-09 12:42:28:4228 [32minfo[39m: [32mLogin error message is Please submit a valid username and password.[39m
2025-01-09 12:42:28:4228 [32minfo[39m: [32mUsername error is visible after clicking on continue button as we did not fill the username[39m
2025-01-09 12:42:28:4228 [32minfo[39m: [32mUsername error message isUsername is required.[39m
2025-01-09 12:42:28:4228 [32minfo[39m: [32mUsername is required. has displayed[39m
2025-01-09 12:42:28:4228 [32minfo[39m: [32mValidate username and password error message[39m
2025-01-09 12:42:28:4228 [32minfo[39m: [32mValidating the error message[39m
2025-01-09 12:42:28:4228 [32minfo[39m: [32mLogin error message is visible[39m
2025-01-09 12:42:28:4228 [32minfo[39m: [32mLogin error message is Please submit a valid username and password.[39m
2025-01-09 12:42:28:4228 [32minfo[39m: [32muserErrorVisible=true passErrorVisible=true Username and password error message is visible[39m
2025-01-09 12:43:01:431 [32minfo[39m: [32mPage load time while checking invalid credential validation: 43.138 sec[39m
2025-01-09 12:43:01:431 [32minfo[39m: [32mLogin CU Solution[39m
2025-01-09 12:43:01:431 [32minfo[39m: [32mValidating the login credential[39m
2025-01-09 12:43:01:431 [32minfo[39m: [32mFilled the correct credential what we passed as parameter[39m
2025-01-09 12:43:01:431 [32minfo[39m: [32mValidating the error message[39m
2025-01-09 12:43:02:432 [32minfo[39m: [32mLogin error message is visible[39m
2025-01-09 12:43:02:432 [32minfo[39m: [32mLogin error message is Please submit a valid username and password.[39m
2025-01-09 12:43:03:433 [32minfo[39m: [32mPage load time while checking forgot password validation: 45.084 sec[39m
2025-01-09 12:43:03:433 [32minfo[39m: [32mValidating the invalid username and email for forgot password[39m
2025-01-09 12:43:04:434 [32minfo[39m: [32mFail! text appeared after filling invalid username or email for forgot pass[39m
2025-01-09 12:43:04:434 [32minfo[39m: [32mClosing the pop up[39m
2025-01-09 12:50:28:5028 [32minfo[39m: [32mLogin CU Solution[39m
2025-01-09 12:50:28:5028 [32minfo[39m: [32mValidating the login credential[39m
2025-01-09 12:50:28:5028 [32minfo[39m: [32mFilled the correct credential what we passed as parameter[39m
2025-01-09 12:50:42:5042 [32minfo[39m: [32mPage load time while checking forgot password validation: 9.849 sec[39m
2025-01-09 12:50:42:5042 [32minfo[39m: [32mValidating the invalid username and email for forgot password[39m
2025-01-09 12:50:42:5042 [32minfo[39m: [32mPage load time while checking invalid credential validation: 10.486 sec[39m
2025-01-09 12:50:42:5042 [32minfo[39m: [32mLogin CU Solution[39m
2025-01-09 12:50:43:5043 [32minfo[39m: [32mValidating the login credential[39m
2025-01-09 12:50:43:5043 [32minfo[39m: [32mFilled the correct credential what we passed as parameter[39m
2025-01-09 12:50:43:5043 [32minfo[39m: [32mValidating the error message[39m
2025-01-09 12:50:43:5043 [32minfo[39m: [32mFail! text appeared after filling invalid username or email for forgot pass[39m
2025-01-09 12:50:43:5043 [32minfo[39m: [32mClosing the pop up[39m
2025-01-09 12:50:43:5043 [32minfo[39m: [32mLogin error message is visible[39m
2025-01-09 12:50:43:5043 [32minfo[39m: [32mLogin error message is Please submit a valid username and password.[39m
2025-01-09 12:51:32:5132 [32minfo[39m: [32mPage load time while checking empty user and pass validation: 59.482 sec[39m
2025-01-09 12:51:32:5132 [32minfo[39m: [32mValidate username error message[39m
2025-01-09 12:51:32:5132 [32minfo[39m: [32mValidating the error message[39m
2025-01-09 12:51:33:5133 [32minfo[39m: [32mLogin error message is visible[39m
2025-01-09 12:51:33:5133 [32minfo[39m: [32mLogin error message is Please submit a valid username and password.[39m
2025-01-09 12:51:33:5133 [32minfo[39m: [32mClicking on password input area[39m
2025-01-09 12:51:33:5133 [32minfo[39m: [32mClicking on continue to get password error message[39m
2025-01-09 12:51:33:5133 [32minfo[39m: [32mPassword error message istrue[39m
2025-01-09 12:51:33:5133 [32minfo[39m: [32mPassword error is visible after clicking on continue button as we did not fill the password[39m
2025-01-09 12:51:33:5133 [32minfo[39m: [32mPassword is required. has displayed[39m
2025-01-09 12:51:33:5133 [32minfo[39m: [32mValidate username error message[39m
2025-01-09 12:51:33:5133 [32minfo[39m: [32mValidating the error message[39m
2025-01-09 12:51:33:5133 [32minfo[39m: [32mLogin error message is visible[39m
2025-01-09 12:51:33:5133 [32minfo[39m: [32mLogin error message is Please submit a valid username and password.[39m
2025-01-09 12:51:33:5133 [32minfo[39m: [32mUsername error is visible after clicking on continue button as we did not fill the username[39m
2025-01-09 12:51:33:5133 [32minfo[39m: [32mUsername error message isUsername is required.[39m
2025-01-09 12:51:33:5133 [32minfo[39m: [32mUsername is required. has displayed[39m
2025-01-09 12:51:33:5133 [32minfo[39m: [32mValidate username and password error message[39m
2025-01-09 12:51:34:5134 [32minfo[39m: [32mValidating the error message[39m
2025-01-09 12:51:34:5134 [32minfo[39m: [32mLogin error message is visible[39m
2025-01-09 12:51:34:5134 [32minfo[39m: [32mLogin error message is Please submit a valid username and password.[39m
2025-01-09 12:51:34:5134 [32minfo[39m: [32muserErrorVisible=true passErrorVisible=true Username and password error message is visible[39m
2025-01-09 12:53:08:538 [32minfo[39m: [32mLogin CU Solution[39m
2025-01-09 12:53:08:538 [32minfo[39m: [32mValidating the login credential[39m
2025-01-09 12:53:08:538 [32minfo[39m: [32mFilled the correct credential what we passed as parameter[39m
2025-01-09 12:53:21:5321 [32minfo[39m: [32mPage load time while checking invalid credential validation: 9.286 sec[39m
2025-01-09 12:53:21:5321 [32minfo[39m: [32mLogin CU Solution[39m
2025-01-09 12:53:21:5321 [32minfo[39m: [32mPage load time while checking empty user and pass validation: 8.887 sec[39m
2025-01-09 12:53:21:5321 [32minfo[39m: [32mValidate username error message[39m
2025-01-09 12:53:21:5321 [32minfo[39m: [32mValidating the login credential[39m
2025-01-09 12:53:21:5321 [32minfo[39m: [32mFilled the correct credential what we passed as parameter[39m
2025-01-09 12:53:21:5321 [32minfo[39m: [32mValidating the error message[39m
2025-01-09 12:53:21:5321 [32minfo[39m: [32mValidating the error message[39m
2025-01-09 12:53:22:5322 [32minfo[39m: [32mLogin error message is visible[39m
2025-01-09 12:53:22:5322 [32minfo[39m: [32mLogin error message is Please submit a valid username and password.[39m
2025-01-09 12:53:22:5322 [32minfo[39m: [32mClicking on password input area[39m
2025-01-09 12:53:22:5322 [32minfo[39m: [32mLogin error message is visible[39m
2025-01-09 12:53:22:5322 [32minfo[39m: [32mLogin error message is Please submit a valid username and password.[39m
2025-01-09 12:53:22:5322 [32minfo[39m: [32mClicking on continue to get password error message[39m
2025-01-09 12:53:22:5322 [32minfo[39m: [32mPassword error message istrue[39m
2025-01-09 12:53:22:5322 [32minfo[39m: [32mPassword error is visible after clicking on continue button as we did not fill the password[39m
2025-01-09 12:53:22:5322 [32minfo[39m: [32mPassword is required. has displayed[39m
2025-01-09 12:53:22:5322 [32minfo[39m: [32mValidate username error message[39m
2025-01-09 12:53:22:5322 [32minfo[39m: [32mValidating the error message[39m
2025-01-09 12:53:22:5322 [32minfo[39m: [32mLogin error message is visible[39m
2025-01-09 12:53:22:5322 [32minfo[39m: [32mLogin error message is Please submit a valid username and password.[39m
2025-01-09 12:53:22:5322 [32minfo[39m: [32mUsername error is visible after clicking on continue button as we did not fill the username[39m
2025-01-09 12:53:22:5322 [32minfo[39m: [32mUsername error message isUsername is required.[39m
2025-01-09 12:53:22:5322 [32minfo[39m: [32mUsername is required. has displayed[39m
2025-01-09 12:53:22:5322 [32minfo[39m: [32mValidate username and password error message[39m
2025-01-09 12:53:22:5322 [32minfo[39m: [32mValidating the error message[39m
2025-01-09 12:53:22:5322 [32minfo[39m: [32mLogin error message is visible[39m
2025-01-09 12:53:22:5322 [32minfo[39m: [32mLogin error message is Please submit a valid username and password.[39m
2025-01-09 12:53:23:5323 [32minfo[39m: [32muserErrorVisible=true passErrorVisible=true Username and password error message is visible[39m
2025-01-09 12:53:37:5337 [32minfo[39m: [32mPage load time while checking forgot password validation: 25.073 sec[39m
2025-01-09 12:53:37:5337 [32minfo[39m: [32mValidating the invalid username and email for forgot password[39m
2025-01-09 12:53:37:5337 [32minfo[39m: [32mFail! text appeared after filling invalid username or email for forgot pass[39m
2025-01-09 12:53:37:5337 [32minfo[39m: [32mClosing the pop up[39m
2025-01-09 12:56:36:5636 [32minfo[39m: [32mLogin CU Solution[39m
2025-01-09 12:56:36:5636 [32minfo[39m: [32mValidating the login credential[39m
2025-01-09 12:56:36:5636 [32minfo[39m: [32mFilled the correct credential what we passed as parameter[39m
2025-01-09 12:56:50:5650 [32minfo[39m: [32mPage load time while checking forgot password validation: 8.723 sec[39m
2025-01-09 12:56:50:5650 [32minfo[39m: [32mValidating the invalid username and email for forgot password[39m
2025-01-09 12:56:50:5650 [32minfo[39m: [32mPage load time while checking invalid credential validation: 9.399 sec[39m
2025-01-09 12:56:50:5650 [32minfo[39m: [32mLogin CU Solution[39m
2025-01-09 12:56:50:5650 [32minfo[39m: [32mValidating the login credential[39m
2025-01-09 12:56:50:5650 [32minfo[39m: [32mFilled the correct credential what we passed as parameter[39m
2025-01-09 12:56:50:5650 [32minfo[39m: [32mValidating the error message[39m
2025-01-09 12:56:51:5651 [32minfo[39m: [32mLogin error message is visible[39m
2025-01-09 12:56:51:5651 [32minfo[39m: [32mLogin error message is Please submit a valid username and password.[39m
2025-01-09 12:56:51:5651 [32minfo[39m: [32mFail! text appeared after filling invalid username or email for forgot pass[39m
2025-01-09 12:56:51:5651 [32minfo[39m: [32mClosing the pop up[39m
2025-01-09 12:57:44:5744 [32minfo[39m: [32mPage load time while checking empty user and pass validation: 63.099 sec[39m
2025-01-09 12:57:44:5744 [32minfo[39m: [32mValidate username error message[39m
2025-01-09 12:57:44:5744 [32minfo[39m: [32mValidating the error message[39m
2025-01-09 12:57:45:5745 [32minfo[39m: [32mLogin error message is visible[39m
2025-01-09 12:57:45:5745 [32minfo[39m: [32mLogin error message is Please submit a valid username and password.[39m
2025-01-09 12:57:45:5745 [32minfo[39m: [32mClicking on password input area[39m
2025-01-09 12:57:45:5745 [32minfo[39m: [32mClicking on continue to get password error message[39m
2025-01-09 12:57:45:5745 [32minfo[39m: [32mPassword error message istrue[39m
2025-01-09 12:57:45:5745 [32minfo[39m: [32mPassword error is visible after clicking on continue button as we did not fill the password[39m
2025-01-09 12:57:45:5745 [32minfo[39m: [32mPassword is required. has displayed[39m
2025-01-09 12:57:45:5745 [32minfo[39m: [32mValidate username error message[39m
2025-01-09 12:57:45:5745 [32minfo[39m: [32mValidating the error message[39m
2025-01-09 12:57:45:5745 [32minfo[39m: [32mLogin error message is visible[39m
2025-01-09 12:57:45:5745 [32minfo[39m: [32mLogin error message is Please submit a valid username and password.[39m
2025-01-09 12:57:45:5745 [32minfo[39m: [32mUsername error is visible after clicking on continue button as we did not fill the username[39m
2025-01-09 12:57:45:5745 [32minfo[39m: [32mUsername error message isUsername is required.[39m
2025-01-09 12:57:45:5745 [32minfo[39m: [32mUsername is required. has displayed[39m
2025-01-09 12:57:45:5745 [32minfo[39m: [32mValidate username and password error message[39m
2025-01-09 12:57:45:5745 [32minfo[39m: [32mValidating the error message[39m
2025-01-09 12:57:46:5746 [32minfo[39m: [32mLogin error message is visible[39m
2025-01-09 12:57:46:5746 [32minfo[39m: [32mLogin error message is Please submit a valid username and password.[39m
2025-01-09 12:57:46:5746 [32minfo[39m: [32muserErrorVisible=true passErrorVisible=true Username and password error message is visible[39m
2025-01-13 14:27:30:2730 [32minfo[39m: [32mLogin CU Solution[39m
2025-01-13 14:27:30:2730 [32minfo[39m: [32mValidating the login credential[39m
2025-01-13 14:27:30:2730 [32minfo[39m: [32mFilled the correct credential what we passed as parameter[39m
2025-01-13 14:27:43:2743 [32minfo[39m: [32mPage load time while checking empty user and pass validation: 11.085 sec[39m
2025-01-13 14:27:43:2743 [32minfo[39m: [32mValidate username error message[39m
2025-01-13 14:27:43:2743 [32minfo[39m: [32mValidating the error message[39m
2025-01-13 14:27:43:2743 [32minfo[39m: [32mLogin error message is visible[39m
2025-01-13 14:27:43:2743 [32minfo[39m: [32mLogin error message is Please submit a valid username and password.[39m
2025-01-13 14:27:43:2743 [32minfo[39m: [32mClicking on password input area[39m
2025-01-13 14:27:43:2743 [32minfo[39m: [32mClicking on continue to get password error message[39m
2025-01-13 14:27:43:2743 [32minfo[39m: [32mPassword error message istrue[39m
2025-01-13 14:27:43:2743 [32minfo[39m: [32mPassword error is visible after clicking on continue button as we did not fill the password[39m
2025-01-13 14:27:43:2743 [32minfo[39m: [32mPassword is required. has displayed[39m
2025-01-13 14:27:43:2743 [32minfo[39m: [32mValidate username error message[39m
2025-01-13 14:27:43:2743 [32minfo[39m: [32mValidating the error message[39m
2025-01-13 14:27:43:2743 [32minfo[39m: [32mLogin error message is visible[39m
2025-01-13 14:27:43:2743 [32minfo[39m: [32mLogin error message is Please submit a valid username and password.[39m
2025-01-13 14:27:43:2743 [32minfo[39m: [32mUsername error is visible after clicking on continue button as we did not fill the username[39m
2025-01-13 14:27:43:2743 [32minfo[39m: [32mUsername error message isUsername is required.[39m
2025-01-13 14:27:43:2743 [32minfo[39m: [32mUsername is required. has displayed[39m
2025-01-13 14:27:43:2743 [32minfo[39m: [32mValidate username and password error message[39m
2025-01-13 14:27:44:2744 [32minfo[39m: [32mValidating the error message[39m
2025-01-13 14:27:44:2744 [32minfo[39m: [32mLogin error message is visible[39m
2025-01-13 14:27:44:2744 [32minfo[39m: [32mLogin error message is Please submit a valid username and password.[39m
2025-01-13 14:27:44:2744 [32minfo[39m: [32muserErrorVisible=true passErrorVisible=true Username and password error message is visible[39m
2025-01-13 14:53:49:5349 [32minfo[39m: [32mLogin CU Solution[39m
2025-01-13 14:53:49:5349 [32minfo[39m: [32mValidating the login credential[39m
2025-01-13 14:53:49:5349 [32minfo[39m: [32mFilled the correct credential what we passed as parameter[39m
2025-01-13 14:54:04:544 [32minfo[39m: [32mPage load time while checking empty user and pass validation: 11.205 sec[39m
2025-01-13 14:54:04:544 [32minfo[39m: [32mValidate username error message[39m
2025-01-13 14:54:04:544 [32minfo[39m: [32mValidating the error message[39m
2025-01-13 14:54:05:545 [32minfo[39m: [32mLogin error message is visible[39m
2025-01-13 14:54:05:545 [32minfo[39m: [32mLogin error message is Please submit a valid username and password.[39m
2025-01-13 14:54:05:545 [32minfo[39m: [32mClicking on password input area[39m
2025-01-13 14:54:05:545 [32minfo[39m: [32mClicking on continue to get password error message[39m
2025-01-13 14:54:05:545 [32minfo[39m: [32mPassword error message istrue[39m
2025-01-13 14:54:05:545 [32minfo[39m: [32mPassword error is visible after clicking on continue button as we did not fill the password[39m
2025-01-13 14:54:05:545 [32minfo[39m: [32mPassword is required. has displayed[39m
2025-01-13 14:54:05:545 [32minfo[39m: [32mValidate username error message[39m
2025-01-13 14:54:05:545 [32minfo[39m: [32mValidating the error message[39m
2025-01-13 14:54:05:545 [32minfo[39m: [32mLogin error message is visible[39m
2025-01-13 14:54:05:545 [32minfo[39m: [32mLogin error message is Please submit a valid username and password.[39m
2025-01-13 14:54:05:545 [32minfo[39m: [32mUsername error is visible after clicking on continue button as we did not fill the username[39m
2025-01-13 14:54:05:545 [32minfo[39m: [32mUsername error message isUsername is required.[39m
2025-01-13 14:54:05:545 [32minfo[39m: [32mUsername is required. has displayed[39m
2025-01-13 14:54:05:545 [32minfo[39m: [32mValidate username and password error message[39m
2025-01-13 14:54:05:545 [32minfo[39m: [32mValidating the error message[39m
2025-01-13 14:54:05:545 [32minfo[39m: [32mLogin error message is visible[39m
2025-01-13 14:54:05:545 [32minfo[39m: [32mLogin error message is Please submit a valid username and password.[39m
2025-01-13 14:54:05:545 [32minfo[39m: [32muserErrorVisible=true passErrorVisible=true Username and password error message is visible[39m
